# JRE version: OpenJDK Runtime Environment (8.0_242-b01) (build 1.8.0_242-release-1644-b01)
# Java VM: OpenJDK 64-Bit Server VM (25.242-b01 mixed mode windows-amd64 compressed oops)
Heap:
 PSYoungGen      total 637440K, used 194910K [0x00000000d5580000, 0x0000000100000000, 0x0000000100000000)
  eden space 603648K, 26% used [0x00000000d5580000,0x00000000df301318,0x00000000fa300000)
  from space 33792K, 99% used [0x00000000fa300000,0x00000000fc3d6540,0x00000000fc400000)
  to   space 50688K, 0% used [0x00000000fce80000,0x00000000fce80000,0x0000000100000000)
 ParOldGen       total 278016K, used 232014K [0x0000000080000000, 0x0000000090f80000, 0x00000000d5580000)
  object space 278016K, 83% used [0x0000000080000000,0x000000008e293870,0x0000000090f80000)
 Metaspace       used 118204K, capacity 124586K, committed 125568K, reserved 1159168K
  class space    used 14898K, capacity 16106K, committed 16512K, reserved 1048576K
GC Heap History (10 events):
Event: 387.756 GC heap before
{Heap before GC invocations=65 (full 6):
 PSYoungGen      total 654336K, used 618688K [0x00000000d5580000, 0x00000000ffe80000, 0x0000000100000000)
  eden space 613376K, 100% used [0x00000000d5580000,0x00000000fac80000,0x00000000fac80000)
  from space 40960K, 12% used [0x00000000fd680000,0x00000000fdbb0000,0x00000000ffe80000)
  to   space 41984K, 0% used [0x00000000fac80000,0x00000000fac80000,0x00000000fd580000)
 ParOldGen       total 278016K, used 202260K [0x0000000080000000, 0x0000000090f80000, 0x00000000d5580000)
  object space 278016K, 72% used [0x0000000080000000,0x000000008c585338,0x0000000090f80000)
 Metaspace       used 117490K, capacity 123606K, committed 125184K, reserved 1159168K
  class space    used 14834K, capacity 15958K, committed 16384K, reserved 1048576K
Event: 387.773 GC heap after
Heap after GC invocations=65 (full 6):
 PSYoungGen      total 655360K, used 7251K [0x00000000d5580000, 0x00000000ffe00000, 0x0000000100000000)
  eden space 613376K, 0% used [0x00000000d5580000,0x00000000d5580000,0x00000000fac80000)
  from space 41984K, 17% used [0x00000000fac80000,0x00000000fb394e60,0x00000000fd580000)
  to   space 40448K, 0% used [0x00000000fd680000,0x00000000fd680000,0x00000000ffe00000)
 ParOldGen       total 278016K, used 204860K [0x0000000080000000, 0x0000000090f80000, 0x00000000d5580000)
  object space 278016K, 73% used [0x0000000080000000,0x000000008c80f358,0x0000000090f80000)
 Metaspace       used 117490K, capacity 123606K, committed 125184K, reserved 1159168K
  class space    used 14834K, capacity 15958K, committed 16384K, reserved 1048576K
}
Event: 388.801 GC heap before
{Heap before GC invocations=66 (full 6):
 PSYoungGen      total 655360K, used 620627K [0x00000000d5580000, 0x00000000ffe00000, 0x0000000100000000)
  eden space 613376K, 100% used [0x00000000d5580000,0x00000000fac80000,0x00000000fac80000)
  from space 41984K, 17% used [0x00000000fac80000,0x00000000fb394e60,0x00000000fd580000)
  to   space 40448K, 0% used [0x00000000fd680000,0x00000000fd680000,0x00000000ffe00000)
 ParOldGen       total 278016K, used 204860K [0x0000000080000000, 0x0000000090f80000, 0x00000000d5580000)
  object space 278016K, 73% used [0x0000000080000000,0x000000008c80f358,0x0000000090f80000)
 Metaspace       used 117573K, capacity 123610K, committed 125184K, reserved 1159168K
  class space    used 14834K, capacity 15958K, committed 16384K, reserved 1048576K
Event: 388.824 GC heap after
Heap after GC invocations=66 (full 6):
 PSYoungGen      total 655360K, used 18163K [0x00000000d5580000, 0x00000000ffc80000, 0x0000000100000000)
  eden space 616448K, 0% used [0x00000000d5580000,0x00000000d5580000,0x00000000faf80000)
  from space 38912K, 46% used [0x00000000fd680000,0x00000000fe83cf08,0x00000000ffc80000)
  to   space 39424K, 0% used [0x00000000faf80000,0x00000000faf80000,0x00000000fd600000)
 ParOldGen       total 278016K, used 208876K [0x0000000080000000, 0x0000000090f80000, 0x00000000d5580000)
  object space 278016K, 75% used [0x0000000080000000,0x000000008cbfb178,0x0000000090f80000)
 Metaspace       used 117573K, capacity 123610K, committed 125184K, reserved 1159168K
  class space    used 14834K, capacity 15958K, committed 16384K, reserved 1048576K
}
Event: 389.602 GC heap before
{Heap before GC invocations=67 (full 6):
 PSYoungGen      total 655360K, used 634611K [0x00000000d5580000, 0x00000000ffc80000, 0x0000000100000000)
  eden space 616448K, 100% used [0x00000000d5580000,0x00000000faf80000,0x00000000faf80000)
  from space 38912K, 46% used [0x00000000fd680000,0x00000000fe83cf08,0x00000000ffc80000)
  to   space 39424K, 0% used [0x00000000faf80000,0x00000000faf80000,0x00000000fd600000)
 ParOldGen       total 278016K, used 208876K [0x0000000080000000, 0x0000000090f80000, 0x00000000d5580000)
  object space 278016K, 75% used [0x0000000080000000,0x000000008cbfb178,0x0000000090f80000)
 Metaspace       used 117576K, capacity 123610K, committed 125184K, reserved 1159168K
  class space    used 14834K, capacity 15958K, committed 16384K, reserved 1048576K
Event: 389.617 GC heap after
Heap after GC invocations=67 (full 6):
 PSYoungGen      total 655872K, used 2880K [0x00000000d5580000, 0x00000000fff80000, 0x0000000100000000)
  eden space 616448K, 0% used [0x00000000d5580000,0x00000000d5580000,0x00000000faf80000)
  from space 39424K, 7% used [0x00000000faf80000,0x00000000fb250000,0x00000000fd600000)
  to   space 38912K, 0% used [0x00000000fd980000,0x00000000fd980000,0x00000000fff80000)
 ParOldGen       total 278016K, used 219025K [0x0000000080000000, 0x0000000090f80000, 0x00000000d5580000)
  object space 278016K, 78% used [0x0000000080000000,0x000000008d5e46d8,0x0000000090f80000)
 Metaspace       used 117576K, capacity 123610K, committed 125184K, reserved 1159168K
  class space    used 14834K, capacity 15958K, committed 16384K, reserved 1048576K
}
Event: 390.803 GC heap before
{Heap before GC invocations=68 (full 6):
 PSYoungGen      total 655872K, used 619328K [0x00000000d5580000, 0x00000000fff80000, 0x0000000100000000)
  eden space 616448K, 100% used [0x00000000d5580000,0x00000000faf80000,0x00000000faf80000)
  from space 39424K, 7% used [0x00000000faf80000,0x00000000fb250000,0x00000000fd600000)
  to   space 38912K, 0% used [0x00000000fd980000,0x00000000fd980000,0x00000000fff80000)
 ParOldGen       total 278016K, used 219025K [0x0000000080000000, 0x0000000090f80000, 0x00000000d5580000)
  object space 278016K, 78% used [0x0000000080000000,0x000000008d5e46d8,0x0000000090f80000)
 Metaspace       used 117596K, capacity 123630K, committed 125184K, reserved 1159168K
  class space    used 14835K, capacity 15960K, committed 16384K, reserved 1048576K
Event: 390.835 GC heap after
Heap after GC invocations=68 (full 6):
 PSYoungGen      total 642560K, used 38888K [0x00000000d5580000, 0x0000000100000000, 0x0000000100000000)
  eden space 603648K, 0% used [0x00000000d5580000,0x00000000d5580000,0x00000000fa300000)
  from space 38912K, 99% used [0x00000000fd980000,0x00000000fff7a350,0x00000000fff80000)
  to   space 47616K, 0% used [0x00000000fa300000,0x00000000fa300000,0x00000000fd180000)
 ParOldGen       total 278016K, used 224078K [0x0000000080000000, 0x0000000090f80000, 0x00000000d5580000)
  object space 278016K, 80% used [0x0000000080000000,0x000000008dad3b90,0x0000000090f80000)
 Metaspace       used 117596K, capacity 123630K, committed 125184K, reserved 1159168K
  class space    used 14835K, capacity 15960K, committed 16384K, reserved 1048576K
}
Event: 398.505 GC heap before
{Heap before GC invocations=69 (full 6):
 PSYoungGen      total 642560K, used 642536K [0x00000000d5580000, 0x0000000100000000, 0x0000000100000000)
  eden space 603648K, 100% used [0x00000000d5580000,0x00000000fa300000,0x00000000fa300000)
  from space 38912K, 99% used [0x00000000fd980000,0x00000000fff7a350,0x00000000fff80000)
  to   space 47616K, 0% used [0x00000000fa300000,0x00000000fa300000,0x00000000fd180000)
 ParOldGen       total 278016K, used 224078K [0x0000000080000000, 0x0000000090f80000, 0x00000000d5580000)
  object space 278016K, 80% used [0x0000000080000000,0x000000008dad3b90,0x0000000090f80000)
 Metaspace       used 117753K, capacity 123818K, committed 125184K, reserved 1159168K
  class space    used 14841K, capacity 15968K, committed 16384K, reserved 1048576K
Event: 398.541 GC heap after
Heap after GC invocations=69 (full 6):
 PSYoungGen      total 637440K, used 33625K [0x00000000d5580000, 0x0000000100000000, 0x0000000100000000)
  eden space 603648K, 0% used [0x00000000d5580000,0x00000000d5580000,0x00000000fa300000)
  from space 33792K, 99% used [0x00000000fa300000,0x00000000fc3d6540,0x00000000fc400000)
  to   space 50688K, 0% used [0x00000000fce80000,0x00000000fce80000,0x0000000100000000)
 ParOldGen       total 278016K, used 232014K [0x0000000080000000, 0x0000000090f80000, 0x00000000d5580000)
  object space 278016K, 83% used [0x0000000080000000,0x000000008e293870,0x0000000090f80000)
 Metaspace       used 117753K, capacity 123818K, committed 125184K, reserved 1159168K
  class space    used 14841K, capacity 15968K, committed 16384K, reserved 1048576K
}

